<?xml version="1.0" encoding="UTF-8"?>
<!-- Generated by org.testng.reporters.JUnitXMLReporter -->
<testsuite ignored="0" hostname="Sarkar" failures="1" tests="2" name="Test" time="20.758" errors="0" timestamp="2022-07-05T20:20:27 IST">
  <testcase classname="testpackage.HrmHomePageTest" name="beforemethod" time="6.667">
    <failure type="java.lang.AssertionError" message="The following asserts failed:
	expected [https://opensource-demo.orangehrmlive.com/index.php] but found [https://opensource-demo.orangehrmlive.com/index.php/dashboard]">
      <![CDATA[java.lang.AssertionError: The following asserts failed:
expected [https://opensource-demo.orangehrmlive.com/index.php] but found [https://opensource-demo.orangehrmlive.com/index.php/dashboard]
at testpackage.HrmHomePageTest.beforemethod(HrmHomePageTest.java:54)
at java.base/java.util.ArrayList.forEach(ArrayList.java:1511)
... Removed 29 stack frames]]>
    </failure>
  </testcase> <!-- beforemethod -->
  <testcase classname="testpackage.HrmHomePageTest" name="test" time="0.236"/>
</testsuite> <!-- Test -->
